Using pre-set license
Built from '2020.3/release' branch; Version is '2020.3.15f2 (6cf78cb77498) revision 7141260'; Using compiler version '192528614'; Build Type 'Release'
OS: 'Windows 10 Pro; OS build 19042.1237; Version 2009; 64bit' Language: 'en' Physical Memory: 16186 MB
BatchMode: 1, IsHumanControllingUs: 0, StartBugReporterOnCrash: 0, Is64bit: 1, IsPro: 0

 COMMAND LINE ARGUMENTS:
C:\Program Files\Unity\Hub\Editor\2020.3.15f2\Editor\Unity.exe
-adb2
-batchMode
-noUpm
-name
AssetImportWorker0
-projectPath
C:/Users/Tahsin/Desktop/Rail_Shooter_Unity/Argon_Assault
-logFile
Logs/AssetImportWorker0.log
-srvPort
60715
Successfully changed project path to: C:/Users/Tahsin/Desktop/Rail_Shooter_Unity/Argon_Assault
C:/Users/Tahsin/Desktop/Rail_Shooter_Unity/Argon_Assault
Using Asset Import Pipeline V2.
Refreshing native plugins compatible for Editor in 46.35 ms, found 5 plugins.
Preloading 0 native plugins for Editor in 0.00 ms.
Initialize engine version: 2020.3.15f2 (6cf78cb77498)
[Subsystems] Discovering subsystems at path C:/Program Files/Unity/Hub/Editor/2020.3.15f2/Editor/Data/Resources/UnitySubsystems
[Subsystems] Discovering subsystems at path C:/Users/Tahsin/Desktop/Rail_Shooter_Unity/Argon_Assault/Assets
GfxDevice: creating device client; threaded=0
Direct3D:
    Version:  Direct3D 11.0 [level 11.1]
    Renderer: Intel(R) Iris(R) Plus Graphics (ID=0x8a53)
    Vendor:   
    VRAM:     8093 MB
    Driver:   27.20.100.8681
Initialize mono
Mono path[0] = 'C:/Program Files/Unity/Hub/Editor/2020.3.15f2/Editor/Data/Managed'
Mono path[1] = 'C:/Program Files/Unity/Hub/Editor/2020.3.15f2/Editor/Data/MonoBleedingEdge/lib/mono/unityjit'
Mono config path = 'C:/Program Files/Unity/Hub/Editor/2020.3.15f2/Editor/Data/MonoBleedingEdge/etc'
Using monoOptions --debugger-agent=transport=dt_socket,embedding=1,server=y,suspend=n,address=127.0.0.1:56076
Begin MonoManager ReloadAssembly
Registering precompiled unity dll's ...
Register platform support module: C:/Program Files/Unity/Hub/Editor/2020.3.15f2/Editor/Data/PlaybackEngines/WebGLSupport/UnityEditor.WebGL.Extensions.dll
Register platform support module: C:/Program Files/Unity/Hub/Editor/2020.3.15f2/Editor/Data/PlaybackEngines/WindowsStandaloneSupport/UnityEditor.WindowsStandalone.Extensions.dll
Registered in 0.001917 seconds.
Native extension for WindowsStandalone target not found
Native extension for WebGL target not found
Refreshing native plugins compatible for Editor in 48.84 ms, found 5 plugins.
Preloading 0 native plugins for Editor in 0.00 ms.
Mono: successfully reloaded assembly
- Completed reload, in  1.322 seconds
Domain Reload Profiling:
	ReloadAssembly (1322ms)
		BeginReloadAssembly (89ms)
			ExecutionOrderSort (0ms)
			DisableScriptedObjects (0ms)
			BackupInstance (0ms)
			ReleaseScriptingObjects (0ms)
			CreateAndSetChildDomain (1ms)
		EndReloadAssembly (459ms)
			LoadAssemblies (87ms)
			RebuildTransferFunctionScriptingTraits (0ms)
			SetupTypeCache (151ms)
			ReleaseScriptCaches (0ms)
			RebuildScriptCaches (35ms)
			SetupLoadedEditorAssemblies (193ms)
				LogAssemblyErrors (0ms)
				InitializePlatformSupportModulesInManaged (5ms)
				SetLoadedEditorAssemblies (0ms)
				RefreshPlugins (49ms)
				BeforeProcessingInitializeOnLoad (11ms)
				ProcessInitializeOnLoadAttributes (96ms)
				ProcessInitializeOnLoadMethodAttributes (31ms)
				AfterProcessingInitializeOnLoad (0ms)
				EditorAssembliesLoaded (0ms)
			ExecutionOrderSort2 (0ms)
			AwakeInstancesAfterBackupRestoration (0ms)
Platform modules already initialized, skipping
Registering precompiled user dll's ...
Registered in 0.003914 seconds.
Begin MonoManager ReloadAssembly
Native extension for WindowsStandalone target not found
Native extension for WebGL target not found
Refreshing native plugins compatible for Editor in 46.58 ms, found 5 plugins.
Preloading 0 native plugins for Editor in 0.00 ms.
Mono: successfully reloaded assembly
- Completed reload, in  1.808 seconds
Domain Reload Profiling:
	ReloadAssembly (1809ms)
		BeginReloadAssembly (166ms)
			ExecutionOrderSort (0ms)
			DisableScriptedObjects (7ms)
			BackupInstance (0ms)
			ReleaseScriptingObjects (0ms)
			CreateAndSetChildDomain (20ms)
		EndReloadAssembly (1572ms)
			LoadAssemblies (102ms)
			RebuildTransferFunctionScriptingTraits (0ms)
			SetupTypeCache (275ms)
			ReleaseScriptCaches (0ms)
			RebuildScriptCaches (55ms)
			SetupLoadedEditorAssemblies (1029ms)
				LogAssemblyErrors (0ms)
				InitializePlatformSupportModulesInManaged (6ms)
				SetLoadedEditorAssemblies (0ms)
				RefreshPlugins (47ms)
				BeforeProcessingInitializeOnLoad (96ms)
				ProcessInitializeOnLoadAttributes (870ms)
				ProcessInitializeOnLoadMethodAttributes (4ms)
				AfterProcessingInitializeOnLoad (6ms)
				EditorAssembliesLoaded (0ms)
			ExecutionOrderSort2 (0ms)
			AwakeInstancesAfterBackupRestoration (6ms)
Platform modules already initialized, skipping
========================================================================
Worker process is ready to serve import requests
Launched and connected shader compiler UnityShaderCompiler.exe after 0.07 seconds
Refreshing native plugins compatible for Editor in 0.70 ms, found 5 plugins.
Preloading 0 native plugins for Editor in 0.00 ms.
Unloading 1797 Unused Serialized files (Serialized files now loaded: 0)
System memory in use before: 178.4 MB.
System memory in use after: 178.3 MB.

Unloading 39 unused Assets to reduce memory usage. Loaded Objects now: 2257.
Total: 4.211900 ms (FindLiveObjects: 0.215500 ms CreateObjectMapping: 0.098300 ms MarkObjects: 3.460000 ms  DeleteObjects: 0.435600 ms)

AssetImportParameters requested are different than current active one (requested -> active):
  custom:framework-win-MediaFoundation: 216162199b28c13a410421893ffa2e32 -> 
  custom:video-decoder-ogg-theora: a1e56fd34408186e4bbccfd4996cb3dc -> 
  custom:container-muxer-webm: aa71ff27fc2769a1b78a27578f13a17b -> 
  custom:container-demuxer-webm: 4f35f7cbe854078d1ac9338744f61a02 -> 
  custom:container-demuxer-ogg: 62fdf1f143b41e24485cea50d1cbac27 -> 
  custom:video-encoder-webm-vp8: eb34c28f22e8b96e1ab97ce403110664 -> 
  custom:video-decoder-webm-vp8: 9c59270c3fd7afecdb556c50c9e8de78 -> 
  custom:audio-decoder-ogg-vorbis: bf7c407c2cedff20999df2af8eb42d56 -> 
  custom:audio-encoder-webm-vorbis: bf7c407c2cedff20999df2af8eb42d56 -> 
========================================================================
Received Import Request.
  path: Assets/Scripts/BossEnemy.cs
  artifactKey: Guid(e1caac977a2136941845bb57f23efb1d) Importer(815301076,1909f56bfc062723c751e8b465ee728b)
Start importing Assets/Scripts/BossEnemy.cs using Guid(e1caac977a2136941845bb57f23efb1d) Importer(815301076,1909f56bfc062723c751e8b465ee728b)  -> (artifact id: '654e90d435849efde9b923fc34086e80') in 0.058937 seconds 
  Import took 0.064626 seconds .

========================================================================
Received Import Request.
  Time since last request: 123.937692 seconds.
  path: Assets/Scripts/BossEnemy.cs
  artifactKey: Guid(e1caac977a2136941845bb57f23efb1d) Importer(815301076,1909f56bfc062723c751e8b465ee728b)
Start importing Assets/Scripts/BossEnemy.cs using Guid(e1caac977a2136941845bb57f23efb1d) Importer(815301076,1909f56bfc062723c751e8b465ee728b)  -> (artifact id: '8bda94645d4738ee774096dd937c0c79') in 0.003023 seconds 
  Import took 0.007395 seconds .

========================================================================
Received Prepare
Registering precompiled user dll's ...
Registered in 0.107282 seconds.
Begin MonoManager ReloadAssembly
Native extension for WindowsStandalone target not found
Native extension for WebGL target not found
Refreshing native plugins compatible for Editor in 0.44 ms, found 5 plugins.
Preloading 0 native plugins for Editor in 0.00 ms.
Mono: successfully reloaded assembly
- Completed reload, in  1.525 seconds
Domain Reload Profiling:
	ReloadAssembly (1526ms)
		BeginReloadAssembly (123ms)
			ExecutionOrderSort (0ms)
			DisableScriptedObjects (5ms)
			BackupInstance (0ms)
			ReleaseScriptingObjects (0ms)
			CreateAndSetChildDomain (42ms)
		EndReloadAssembly (1330ms)
			LoadAssemblies (98ms)
			RebuildTransferFunctionScriptingTraits (0ms)
			SetupTypeCache (321ms)
			ReleaseScriptCaches (1ms)
			RebuildScriptCaches (49ms)
			SetupLoadedEditorAssemblies (752ms)
				LogAssemblyErrors (0ms)
				InitializePlatformSupportModulesInManaged (7ms)
				SetLoadedEditorAssemblies (1ms)
				RefreshPlugins (1ms)
				BeforeProcessingInitializeOnLoad (116ms)
				ProcessInitializeOnLoadAttributes (619ms)
				ProcessInitializeOnLoadMethodAttributes (4ms)
				AfterProcessingInitializeOnLoad (6ms)
				EditorAssembliesLoaded (0ms)
			ExecutionOrderSort2 (0ms)
			AwakeInstancesAfterBackupRestoration (6ms)
Platform modules already initialized, skipping
Refreshing native plugins compatible for Editor in 0.63 ms, found 5 plugins.
Preloading 0 native plugins for Editor in 0.00 ms.
Unloading 1732 Unused Serialized files (Serialized files now loaded: 0)
System memory in use before: 172.5 MB.
System memory in use after: 172.4 MB.

Unloading 24 unused Assets to reduce memory usage. Loaded Objects now: 2260.
Total: 2.162400 ms (FindLiveObjects: 0.216700 ms CreateObjectMapping: 0.052500 ms MarkObjects: 1.681800 ms  DeleteObjects: 0.209800 ms)

AssetImportParameters requested are different than current active one (requested -> active):
  custom:framework-win-MediaFoundation: 216162199b28c13a410421893ffa2e32 -> 
  custom:video-decoder-ogg-theora: a1e56fd34408186e4bbccfd4996cb3dc -> 
  custom:container-muxer-webm: aa71ff27fc2769a1b78a27578f13a17b -> 
  custom:container-demuxer-webm: 4f35f7cbe854078d1ac9338744f61a02 -> 
  custom:container-demuxer-ogg: 62fdf1f143b41e24485cea50d1cbac27 -> 
  custom:video-encoder-webm-vp8: eb34c28f22e8b96e1ab97ce403110664 -> 
  custom:video-decoder-webm-vp8: 9c59270c3fd7afecdb556c50c9e8de78 -> 
  custom:audio-decoder-ogg-vorbis: bf7c407c2cedff20999df2af8eb42d56 -> 
  custom:audio-encoder-webm-vorbis: bf7c407c2cedff20999df2af8eb42d56 -> 
========================================================================
Received Import Request.
  Time since last request: 251.720094 seconds.
  path: Assets/Materials
  artifactKey: Guid(6a0286c111cb4e04a848e2beebc1b04d) Importer(815301076,1909f56bfc062723c751e8b465ee728b)
Start importing Assets/Materials using Guid(6a0286c111cb4e04a848e2beebc1b04d) Importer(815301076,1909f56bfc062723c751e8b465ee728b)  -> (artifact id: 'b668b80256411251d50917e663ce3f17') in 0.013232 seconds 
  Import took 0.016266 seconds .

========================================================================
Received Import Request.
  Time since last request: 29.149618 seconds.
  path: Assets/Audio
  artifactKey: Guid(42bb273952138704a8ecd56859f01a2c) Importer(815301076,1909f56bfc062723c751e8b465ee728b)
Start importing Assets/Audio using Guid(42bb273952138704a8ecd56859f01a2c) Importer(815301076,1909f56bfc062723c751e8b465ee728b)  -> (artifact id: '6162103200e577f6f88ad05cfe6c6d29') in 0.008509 seconds 
  Import took 0.012115 seconds .

========================================================================
Received Import Request.
  Time since last request: 59.556075 seconds.
  path: Assets/Audio/Slackbar.png
  artifactKey: Guid(a6b82d9500b008943bc80a591931e7e6) Importer(815301076,1909f56bfc062723c751e8b465ee728b)
Start importing Assets/Audio/Slackbar.png using Guid(a6b82d9500b008943bc80a591931e7e6) Importer(815301076,1909f56bfc062723c751e8b465ee728b)  -> (artifact id: '766ab081f535612cde87b6a220cae435') in 0.119540 seconds 
  Import took 0.124242 seconds .

========================================================================
Received Import Request.
  Time since last request: 0.000282 seconds.
  path: Assets/Audio/VO_Holy Mother.ogg
  artifactKey: Guid(ca11123d753034d49a6dfb5969b7fc36) Importer(815301076,1909f56bfc062723c751e8b465ee728b)
Start importing Assets/Audio/VO_Holy Mother.ogg using Guid(ca11123d753034d49a6dfb5969b7fc36) Importer(815301076,1909f56bfc062723c751e8b465ee728b)  -> (artifact id: '2c11de9127c1b64a65f7763ef927baab') in 0.149161 seconds 
  Import took 0.154882 seconds .

========================================================================
Received Import Request.
  Time since last request: 0.000448 seconds.
  path: Assets/Audio/VO_Theyre Everywhere.ogg
  artifactKey: Guid(1569d70fe6a92ed409b77f81b6c94029) Importer(815301076,1909f56bfc062723c751e8b465ee728b)
Start importing Assets/Audio/VO_Theyre Everywhere.ogg using Guid(1569d70fe6a92ed409b77f81b6c94029) Importer(815301076,1909f56bfc062723c751e8b465ee728b)  -> (artifact id: '53b0e60f9fd88d351dbfb4566f187c5a') in 0.019852 seconds 
  Import took 0.024584 seconds .

========================================================================
Received Import Request.
  Time since last request: 0.000234 seconds.
  path: Assets/Audio/VO_Under Attack.ogg
  artifactKey: Guid(4fa3bb28670bdc447a259fca233effaa) Importer(815301076,1909f56bfc062723c751e8b465ee728b)
Start importing Assets/Audio/VO_Under Attack.ogg using Guid(4fa3bb28670bdc447a259fca233effaa) Importer(815301076,1909f56bfc062723c751e8b465ee728b)  -> (artifact id: '8331e1b04c1c033bbb3a3202eaecc3bb') in 0.068355 seconds 
  Import took 0.075274 seconds .

========================================================================
Received Import Request.
  Time since last request: 0.000775 seconds.
  path: Assets/Audio/VO_Incoming Sector 5.ogg
  artifactKey: Guid(779ba923550fa5045952f71863a2f894) Importer(815301076,1909f56bfc062723c751e8b465ee728b)
Start importing Assets/Audio/VO_Incoming Sector 5.ogg using Guid(779ba923550fa5045952f71863a2f894) Importer(815301076,1909f56bfc062723c751e8b465ee728b)  -> (artifact id: '809f47b70f23adfd2df79a8f1f58d8c4') in 0.031537 seconds 
  Import took 0.038736 seconds .

========================================================================
Received Import Request.
  Time since last request: 0.000567 seconds.
  path: Assets/Audio/VO_Worst Of It.ogg
  artifactKey: Guid(24642514b3b5817499521a5a14a77b68) Importer(815301076,1909f56bfc062723c751e8b465ee728b)
Start importing Assets/Audio/VO_Worst Of It.ogg using Guid(24642514b3b5817499521a5a14a77b68) Importer(815301076,1909f56bfc062723c751e8b465ee728b)  -> (artifact id: '6087f642182b7b0d7e1c8e13397c939f') in 0.076046 seconds 
  Import took 0.085820 seconds .

========================================================================
Received Import Request.
  Time since last request: 0.000743 seconds.
  path: Assets/Audio/VO_You Did It.ogg
  artifactKey: Guid(c639aef7ed9a18c409fe3a515d56e649) Importer(815301076,1909f56bfc062723c751e8b465ee728b)
Start importing Assets/Audio/VO_You Did It.ogg using Guid(c639aef7ed9a18c409fe3a515d56e649) Importer(815301076,1909f56bfc062723c751e8b465ee728b)  -> (artifact id: '48da8420195475eaf1f5c78628ab9df9') in 0.039421 seconds 
  Import took 0.047132 seconds .

========================================================================
Received Import Request.
  Time since last request: 0.000494 seconds.
  path: Assets/Audio/VO_Hitting Shield Generators.ogg
  artifactKey: Guid(51c4b8b2d444628498c7630faa4281a6) Importer(815301076,1909f56bfc062723c751e8b465ee728b)
Start importing Assets/Audio/VO_Hitting Shield Generators.ogg using Guid(51c4b8b2d444628498c7630faa4281a6) Importer(815301076,1909f56bfc062723c751e8b465ee728b)  -> (artifact id: 'b10c3ef4ab6ca11748a2d6d399ee53a9') in 0.107181 seconds 
  Import took 0.115613 seconds .

========================================================================
Received Import Request.
  Time since last request: 0.000448 seconds.
  path: Assets/Audio/VO_Get To The Mines.ogg
  artifactKey: Guid(bf115e90780e5d149a656d072b9ba5b9) Importer(815301076,1909f56bfc062723c751e8b465ee728b)
Start importing Assets/Audio/VO_Get To The Mines.ogg using Guid(bf115e90780e5d149a656d072b9ba5b9) Importer(815301076,1909f56bfc062723c751e8b465ee728b)  -> (artifact id: 'a4a843d9bd621dba1576212b70f15a58') in 0.033245 seconds 
  Import took 0.039391 seconds .

========================================================================
Received Import Request.
  Time since last request: 226.218999 seconds.
  path: Assets/Audio/Slackbar.png
  artifactKey: Guid(a6b82d9500b008943bc80a591931e7e6) Importer(815301076,1909f56bfc062723c751e8b465ee728b)
Start importing Assets/Audio/Slackbar.png using Guid(a6b82d9500b008943bc80a591931e7e6) Importer(815301076,1909f56bfc062723c751e8b465ee728b)  -> (artifact id: '43b2d44db906497cd457771b56017e86') in 0.060083 seconds 
  Import took 0.065755 seconds .

========================================================================
Received Prepare
Registering precompiled user dll's ...
Registered in 0.003968 seconds.
Begin MonoManager ReloadAssembly
Native extension for WindowsStandalone target not found
Native extension for WebGL target not found
Refreshing native plugins compatible for Editor in 0.67 ms, found 5 plugins.
Preloading 0 native plugins for Editor in 0.00 ms.
Mono: successfully reloaded assembly
- Completed reload, in  1.788 seconds
Domain Reload Profiling:
	ReloadAssembly (1789ms)
		BeginReloadAssembly (182ms)
			ExecutionOrderSort (0ms)
			DisableScriptedObjects (7ms)
			BackupInstance (0ms)
			ReleaseScriptingObjects (0ms)
			CreateAndSetChildDomain (67ms)
		EndReloadAssembly (1522ms)
			LoadAssemblies (124ms)
			RebuildTransferFunctionScriptingTraits (0ms)
			SetupTypeCache (354ms)
			ReleaseScriptCaches (1ms)
			RebuildScriptCaches (58ms)
			SetupLoadedEditorAssemblies (883ms)
				LogAssemblyErrors (0ms)
				InitializePlatformSupportModulesInManaged (6ms)
				SetLoadedEditorAssemblies (0ms)
				RefreshPlugins (1ms)
				BeforeProcessingInitializeOnLoad (116ms)
				ProcessInitializeOnLoadAttributes (748ms)
				ProcessInitializeOnLoadMethodAttributes (5ms)
				AfterProcessingInitializeOnLoad (6ms)
				EditorAssembliesLoaded (0ms)
			ExecutionOrderSort2 (0ms)
			AwakeInstancesAfterBackupRestoration (7ms)
Platform modules already initialized, skipping
Refreshing native plugins compatible for Editor in 0.71 ms, found 5 plugins.
Preloading 0 native plugins for Editor in 0.00 ms.
Unloading 1732 Unused Serialized files (Serialized files now loaded: 0)
System memory in use before: 175.7 MB.
System memory in use after: 175.6 MB.

Unloading 24 unused Assets to reduce memory usage. Loaded Objects now: 2275.
Total: 2.546400 ms (FindLiveObjects: 0.147900 ms CreateObjectMapping: 0.048700 ms MarkObjects: 2.073400 ms  DeleteObjects: 0.274700 ms)

AssetImportParameters requested are different than current active one (requested -> active):
  custom:framework-win-MediaFoundation: 216162199b28c13a410421893ffa2e32 -> 
  custom:video-decoder-ogg-theora: a1e56fd34408186e4bbccfd4996cb3dc -> 
  custom:container-muxer-webm: aa71ff27fc2769a1b78a27578f13a17b -> 
  custom:container-demuxer-webm: 4f35f7cbe854078d1ac9338744f61a02 -> 
  custom:container-demuxer-ogg: 62fdf1f143b41e24485cea50d1cbac27 -> 
  custom:video-encoder-webm-vp8: eb34c28f22e8b96e1ab97ce403110664 -> 
  custom:video-decoder-webm-vp8: 9c59270c3fd7afecdb556c50c9e8de78 -> 
  custom:audio-decoder-ogg-vorbis: bf7c407c2cedff20999df2af8eb42d56 -> 
  custom:audio-encoder-webm-vorbis: bf7c407c2cedff20999df2af8eb42d56 -> 
========================================================================
Received Prepare
Registering precompiled user dll's ...
Registered in 0.003695 seconds.
Begin MonoManager ReloadAssembly
Native extension for WindowsStandalone target not found
Native extension for WebGL target not found
Refreshing native plugins compatible for Editor in 0.54 ms, found 5 plugins.
Preloading 0 native plugins for Editor in 0.00 ms.
Mono: successfully reloaded assembly
- Completed reload, in  1.698 seconds
Domain Reload Profiling:
	ReloadAssembly (1698ms)
		BeginReloadAssembly (127ms)
			ExecutionOrderSort (0ms)
			DisableScriptedObjects (4ms)
			BackupInstance (0ms)
			ReleaseScriptingObjects (0ms)
			CreateAndSetChildDomain (47ms)
		EndReloadAssembly (1501ms)
			LoadAssemblies (108ms)
			RebuildTransferFunctionScriptingTraits (0ms)
			SetupTypeCache (444ms)
			ReleaseScriptCaches (1ms)
			RebuildScriptCaches (63ms)
			SetupLoadedEditorAssemblies (742ms)
				LogAssemblyErrors (0ms)
				InitializePlatformSupportModulesInManaged (8ms)
				SetLoadedEditorAssemblies (1ms)
				RefreshPlugins (1ms)
				BeforeProcessingInitializeOnLoad (114ms)
				ProcessInitializeOnLoadAttributes (610ms)
				ProcessInitializeOnLoadMethodAttributes (3ms)
				AfterProcessingInitializeOnLoad (6ms)
				EditorAssembliesLoaded (0ms)
			ExecutionOrderSort2 (0ms)
			AwakeInstancesAfterBackupRestoration (6ms)
Platform modules already initialized, skipping
Refreshing native plugins compatible for Editor in 0.88 ms, found 5 plugins.
Preloading 0 native plugins for Editor in 0.00 ms.
Unloading 1732 Unused Serialized files (Serialized files now loaded: 0)
System memory in use before: 175.7 MB.
System memory in use after: 175.6 MB.

Unloading 24 unused Assets to reduce memory usage. Loaded Objects now: 2278.
Total: 2.355300 ms (FindLiveObjects: 0.157800 ms CreateObjectMapping: 0.053600 ms MarkObjects: 1.870900 ms  DeleteObjects: 0.271400 ms)

AssetImportParameters requested are different than current active one (requested -> active):
  custom:framework-win-MediaFoundation: 216162199b28c13a410421893ffa2e32 -> 
  custom:video-decoder-ogg-theora: a1e56fd34408186e4bbccfd4996cb3dc -> 
  custom:container-muxer-webm: aa71ff27fc2769a1b78a27578f13a17b -> 
  custom:container-demuxer-webm: 4f35f7cbe854078d1ac9338744f61a02 -> 
  custom:container-demuxer-ogg: 62fdf1f143b41e24485cea50d1cbac27 -> 
  custom:video-encoder-webm-vp8: eb34c28f22e8b96e1ab97ce403110664 -> 
  custom:video-decoder-webm-vp8: 9c59270c3fd7afecdb556c50c9e8de78 -> 
  custom:audio-decoder-ogg-vorbis: bf7c407c2cedff20999df2af8eb42d56 -> 
  custom:audio-encoder-webm-vorbis: bf7c407c2cedff20999df2af8eb42d56 -> 
AssetImportWorkerClient::OnTransportError - code=2 error=End of file
